nohup: ignoring input
log4j:WARN No appenders could be found for logger (org.apache.flink.client.cli.CliFrontend).
log4j:WARN Please initialize the log4j system properly.
log4j:WARN See http://logging.apache.org/log4j/1.2/faq.html#noconfig for more info.
Starting execution of program
Connecting to coordinator at ip localhost:50000
Before handling {task=SetNidToAddress, administrative=true, arguments=[{1={port=9092, ip=localhost}}]}
After handling {task=SetNidToAddress, administrative=true, arguments=[{1={port=9092, ip=localhost}}]}
Before handling {task=AddTpIds, arguments=[0, 1, 100, 221, 200, 201, 202, 203]}
After handling {task=AddTpIds, arguments=[0, 1, 100, 221, 200, 201, 202, 203]}
Before handling {task=AddSchemas, arguments=[{id=9, stream-id=16, name=trafficRouteStream, rowtime-column={column=t, nanoseconds-per-tick=1000000000}, timestamps=[{column=absTime, format=%Y-%m-%dT%H:%M:%SZ}], tuple-format=[{name=t, type=long-timestamp}, {name=lane, type=int}, {name=x, type=double}, {name=v, type=double}, {name=a, type=double}, {name=gap, type=double}, {name=dv, type=double}, {name=label, type=string}, {name=id, type=int}, {name=roadId, type=int}, {name=originId, type=int}, {name=absTime, type=string}, {name=xWithOffset, type=double}]}, {id=10, stream-id=23, name=outTrafficRouteStream, rowtime-column={column=t, nanoseconds-per-tick=1000000000}, timestamps=[{column=absTime, format=%Y-%m-%dT%H:%M:%SZ}], tuple-format=[{name=t, type=long-timestamp}, {name=lane, type=int}, {name=x, type=double}, {name=v, type=double}, {name=a, type=double}, {name=gap, type=double}, {name=dv, type=double}, {name=label, type=string}, {name=id, type=int}, {name=roadId, type=int}, {name=originId, type=int}, {name=absTime, type=string}, {name=xWithOffset, type=double}]}, {id=11, stream-id=24, name=averageSpeedStream, tuple-format=[{name=avgSpeed, type=double}, {name=label, type=string}, {name=roadId, type=int}]}, {id=12, stream-id=17, name=ValidLocationEvent, rowtime-column={column=ts, nanoseconds-per-tick=1000000000}, tuple-format=[{name=id, type=int}, {name=ts, type=long-timestamp}, {name=road, type=int}, {name=speed, type=double}, {name=dist, type=double}, {name=lane, type=int}, {name=segmentId, type=int}]}]}
After handling {task=AddSchemas, arguments=[{id=9, stream-id=16, name=trafficRouteStream, rowtime-column={column=t, nanoseconds-per-tick=1000000000}, timestamps=[{column=absTime, format=%Y-%m-%dT%H:%M:%SZ}], tuple-format=[{name=eventTime.rowtime, type=long-timestamp}, {name=lane, type=int}, {name=x, type=double}, {name=v, type=double}, {name=a, type=double}, {name=gap, type=double}, {name=dv, type=double}, {name=label, type=string}, {name=id, type=int}, {name=roadId, type=int}, {name=originId, type=int}, {name=absTime, type=string}, {name=xWithOffset, type=double}]}, {id=10, stream-id=23, name=outTrafficRouteStream, rowtime-column={column=t, nanoseconds-per-tick=1000000000}, timestamps=[{column=absTime, format=%Y-%m-%dT%H:%M:%SZ}], tuple-format=[{name=eventTime.rowtime, type=long-timestamp}, {name=lane, type=int}, {name=x, type=double}, {name=v, type=double}, {name=a, type=double}, {name=gap, type=double}, {name=dv, type=double}, {name=label, type=string}, {name=id, type=int}, {name=roadId, type=int}, {name=originId, type=int}, {name=absTime, type=string}, {name=xWithOffset, type=double}]}, {id=11, stream-id=24, name=averageSpeedStream, tuple-format=[{name=avgSpeed, type=double}, {name=label, type=string}, {name=roadId, type=int}]}, {id=12, stream-id=17, name=ValidLocationEvent, rowtime-column={column=ts, nanoseconds-per-tick=1000000000}, tuple-format=[{name=id, type=int}, {name=eventTime.rowtime, type=long-timestamp}, {name=road, type=int}, {name=speed, type=double}, {name=dist, type=double}, {name=lane, type=int}, {name=segmentId, type=int}]}]}
Before handling {task=SetNidToAddress, administrative=true, arguments=[{1={port=9092, ip=localhost}, 2={port=9092, ip=localhost}}]}
After handling {task=SetNidToAddress, administrative=true, arguments=[{1={port=9092, ip=localhost}, 2={port=9092, ip=localhost}}]}
Before handling {task=SetNidToAddress, administrative=true, arguments=[{1={port=9092, ip=localhost}, 2={port=9092, ip=localhost}, 3={port=9092, ip=localhost}}]}
After handling {task=SetNidToAddress, administrative=true, arguments=[{1={port=9092, ip=localhost}, 2={port=9092, ip=localhost}, 3={port=9092, ip=localhost}}]}
Before handling {task=Configure, administrative=true}
Subscribing to kafka topic trafficRouteStream-1
Subscribing to kafka topic ValidLocationEvent-1
Subscribing to kafka topic outTrafficRouteStream-1
Subscribing to kafka topic averageSpeedStream-1
After handling {task=Configure, administrative=true}
Before handling {task=AddNextHop, arguments=[16, 2]}
After handling {task=AddNextHop, arguments=[16, 2]}
Before handling {task=SendDsAsStream, arguments=[{name=Traffic routing data 2 3820 tuples (YAML), type=yaml, id=6, stream-id=16, file=Datasets/MovSim/city_example.traj.route_main-shortened.yaml}]}
Processing 3821
After handling {task=SendDsAsStream, arguments=[{name=Traffic routing data 2 3820 tuples (YAML), type=yaml, id=6, stream-id=16, file=Datasets/MovSim/city_example.traj.route_main-shortened.yaml}]}
Before handling {task=SendDsAsStream, arguments=[{name=Traffic routing data 2 3820 tuples (YAML), type=yaml, id=6, stream-id=16, file=Datasets/MovSim/city_example.traj.route_main-shortened.yaml}]}
Processing 3821
After handling {task=SendDsAsStream, arguments=[{name=Traffic routing data 2 3820 tuples (YAML), type=yaml, id=6, stream-id=16, file=Datasets/MovSim/city_example.traj.route_main-shortened.yaml}]}
Before handling {task=SendDsAsStream, arguments=[{name=Traffic routing data 2 3820 tuples (YAML), type=yaml, id=6, stream-id=16, file=Datasets/MovSim/city_example.traj.route_main-shortened.yaml}]}
Processing 3821
After handling {task=SendDsAsStream, arguments=[{name=Traffic routing data 2 3820 tuples (YAML), type=yaml, id=6, stream-id=16, file=Datasets/MovSim/city_example.traj.route_main-shortened.yaml}]}
Before handling {task=SendDsAsStream, arguments=[{name=Traffic routing data 2 3820 tuples (YAML), type=yaml, id=6, stream-id=16, file=Datasets/MovSim/city_example.traj.route_main-shortened.yaml}]}
Processing 3821
After handling {task=SendDsAsStream, arguments=[{name=Traffic routing data 2 3820 tuples (YAML), type=yaml, id=6, stream-id=16, file=Datasets/MovSim/city_example.traj.route_main-shortened.yaml}]}
Before handling {task=SendDsAsStream, arguments=[{name=Traffic routing data 2 3820 tuples (YAML), type=yaml, id=6, stream-id=16, file=Datasets/MovSim/city_example.traj.route_main-shortened.yaml}]}
Processing 3821
After handling {task=SendDsAsStream, arguments=[{name=Traffic routing data 2 3820 tuples (YAML), type=yaml, id=6, stream-id=16, file=Datasets/MovSim/city_example.traj.route_main-shortened.yaml}]}
Before handling {task=SendDsAsStream, arguments=[{name=Traffic routing data 2 3820 tuples (YAML), type=yaml, id=6, stream-id=16, file=Datasets/MovSim/city_example.traj.route_main-shortened.yaml}]}
Processing 3821
After handling {task=SendDsAsStream, arguments=[{name=Traffic routing data 2 3820 tuples (YAML), type=yaml, id=6, stream-id=16, file=Datasets/MovSim/city_example.traj.route_main-shortened.yaml}]}
Before handling {task=SendDsAsStream, arguments=[{name=Traffic routing data 2 3820 tuples (YAML), type=yaml, id=6, stream-id=16, file=Datasets/MovSim/city_example.traj.route_main-shortened.yaml}]}
Processing 3821
After handling {task=SendDsAsStream, arguments=[{name=Traffic routing data 2 3820 tuples (YAML), type=yaml, id=6, stream-id=16, file=Datasets/MovSim/city_example.traj.route_main-shortened.yaml}]}
Before handling {task=SendDsAsStream, arguments=[{name=Traffic routing data 2 3820 tuples (YAML), type=yaml, id=6, stream-id=16, file=Datasets/MovSim/city_example.traj.route_main-shortened.yaml}]}
Processing 3821
After handling {task=SendDsAsStream, arguments=[{name=Traffic routing data 2 3820 tuples (YAML), type=yaml, id=6, stream-id=16, file=Datasets/MovSim/city_example.traj.route_main-shortened.yaml}]}
Before handling {task=SendDsAsStream, arguments=[{name=Traffic routing data 2 3820 tuples (YAML), type=yaml, id=6, stream-id=16, file=Datasets/MovSim/city_example.traj.route_main-shortened.yaml}]}
Processing 3821
After handling {task=SendDsAsStream, arguments=[{name=Traffic routing data 2 3820 tuples (YAML), type=yaml, id=6, stream-id=16, file=Datasets/MovSim/city_example.traj.route_main-shortened.yaml}]}
Before handling {task=SendDsAsStream, arguments=[{name=Traffic routing data 2 3820 tuples (YAML), type=yaml, id=6, stream-id=16, file=Datasets/MovSim/city_example.traj.route_main-shortened.yaml}]}
Processing 3821
After handling {task=SendDsAsStream, arguments=[{name=Traffic routing data 2 3820 tuples (YAML), type=yaml, id=6, stream-id=16, file=Datasets/MovSim/city_example.traj.route_main-shortened.yaml}]}
Before handling {task=EndExperiment, administrative=true, ack=false}
Trace output written to /home/espen/Research/PhD/Private-WIP/traces/flink/FlinkExperimentFramework-78351236308467-4108938c-1130-4422-a2fc-dba0b54a6be1.trace
